lerna(verbose) GitUtilities.isInitialized    ()
lerna(verbose) GitUtilities.isInitialized    () => true
lerna(verbose) GitUtilities.getTopLevelDirectory()
lerna(verbose) GitUtilities.getTopLevelDirectory() => "."
lerna(verbose) FileSystemUtilities.existsSync("./lerna.json")
lerna(verbose) FileSystemUtilities.existsSync("./lerna.json") => true
lerna(verbose) FileSystemUtilities.readFileSync("./lerna.json")
lerna(verbose) FileSystemUtilities.readFileSync("./lerna.json") => "{\n  \"lerna\": \"2.0.0-beta.37\",\n  \"packages\": [\n    \"packages/*\"\n  ],\n  \"version\": \"0.0.0\"\n}"
lerna(verbose) FileSystemUtilities.existsSync("./package.json")
lerna(verbose) FileSystemUtilities.existsSync("./package.json") => true
lerna(verbose) FileSystemUtilities.readFileSync("./package.json")
lerna(verbose) FileSystemUtilities.readFileSync("./package.json") => "{\n  \"devDependencies\": {\n    \"lerna\": \"2.0.0-beta.37\"\n  }\n}"
lerna(info)    Lerna v2.0.0-beta.37
lerna(verbose) FileSystemUtilities.existsSync("./package.json")
lerna(verbose) FileSystemUtilities.existsSync("./package.json") => true
lerna(verbose) FileSystemUtilities.existsSync("./lerna.json")
lerna(verbose) FileSystemUtilities.existsSync("./lerna.json") => true
lerna(verbose) FileSystemUtilities.existsSync("./VERSION")
lerna(verbose) FileSystemUtilities.existsSync("./VERSION") => false
lerna(verbose) FileSystemUtilities.existsSync("./packages/eve-fit-data/package.json")
lerna(verbose) FileSystemUtilities.existsSync("./packages/eve-fit-data/package.json") => true
lerna(verbose) FileSystemUtilities.existsSync("./packages/eve-fit-node/package.json")
lerna(verbose) FileSystemUtilities.existsSync("./packages/eve-fit-node/package.json") => true
lerna(verbose) FileSystemUtilities.existsSync("./packages/eve-fit-web/package.json")
lerna(verbose) FileSystemUtilities.existsSync("./packages/eve-fit-web/package.json") => true
lerna(verbose) Attempting running PublishCommand.initialize
lerna(info)    Current version: 0.0.0
lerna(info)    Checking for updated packages...
lerna(verbose) GitUtilities.hasTags          ()
lerna(verbose) GitUtilities.hasTags          () => false
lerna(error)   Errored while running PublishCommand.initialize
    Error: No updated packages to publish.
        at PublishCommand.initialize (/usr/local/lib/node_modules/lerna/lib/commands/PublishCommand.js:98:18)
        at PublishCommand._attempt (/usr/local/lib/node_modules/lerna/lib/Command.js:201:21)
        at PublishCommand.runCommand (/usr/local/lib/node_modules/lerna/lib/Command.js:185:12)
        at PublishCommand.run (/usr/local/lib/node_modules/lerna/lib/Command.js:98:12)
        at Object.<anonymous> (/usr/local/lib/node_modules/lerna/bin/lerna.js:70:11)
        at Module._compile (module.js:571:32)
        at Object.Module._extensions..js (module.js:580:10)
        at Module.load (module.js:488:32)
        at tryModuleLoad (module.js:447:12)
        at Function.Module._load (module.js:439:3)
